The system is: Linux - 5.4.0-73-generic - x86_64
Compiling the C compiler identification source file "CMakeCCompilerId.c" succeeded.
Compiler: /usr/bin/cc 
Build flags: 
Id flags:  

The output was:
0


Compilation of the C compiler identification source "CMakeCCompilerId.c" produced "a.out"

The C compiler identification is GNU, found in "/home/linux/Desktop/Sys2021/example/CSC2020-USTC-FlammingMyCompiler-master/cmake-build-debug/CMakeFiles/3.17.5/CompilerIdC/a.out"

Compiling the CXX compiler identification source file "CMakeCXXCompilerId.cpp" succeeded.
Compiler: /usr/bin/clang++ 
Build flags: 
Id flags:  

The output was:
0


Compilation of the CXX compiler identification source "CMakeCXXCompilerId.cpp" produced "a.out"

The CXX compiler identification is Clang, found in "/home/linux/Desktop/Sys2021/example/CSC2020-USTC-FlammingMyCompiler-master/cmake-build-debug/CMakeFiles/3.17.5/CompilerIdCXX/a.out"

Determining if the C compiler works passed with the following output:
Change Dir: /home/linux/Desktop/Sys2021/example/CSC2020-USTC-FlammingMyCompiler-master/cmake-build-debug/CMakeFiles/CMakeTmp

Run Build Command(s):/usr/bin/make cmTC_de942/fast && /usr/bin/make  -f CMakeFiles/cmTC_de942.dir/build.make CMakeFiles/cmTC_de942.dir/build
make[1]: Entering directory '/home/linux/Desktop/Sys2021/example/CSC2020-USTC-FlammingMyCompiler-master/cmake-build-debug/CMakeFiles/CMakeTmp'
Building C object CMakeFiles/cmTC_de942.dir/testCCompiler.c.o
/usr/bin/cc    -o CMakeFiles/cmTC_de942.dir/testCCompiler.c.o   -c /home/linux/Desktop/Sys2021/example/CSC2020-USTC-FlammingMyCompiler-master/cmake-build-debug/CMakeFiles/CMakeTmp/testCCompiler.c
Linking C executable cmTC_de942
/home/linux/Downloads/CLion-2020.3.1/clion-2020.3.1/bin/cmake/linux/bin/cmake -E cmake_link_script CMakeFiles/cmTC_de942.dir/link.txt --verbose=1
/usr/bin/cc      CMakeFiles/cmTC_de942.dir/testCCompiler.c.o  -o cmTC_de942 
make[1]: Leaving directory '/home/linux/Desktop/Sys2021/example/CSC2020-USTC-FlammingMyCompiler-master/cmake-build-debug/CMakeFiles/CMakeTmp'



Detecting C compiler ABI info compiled with the following output:
Change Dir: /home/linux/Desktop/Sys2021/example/CSC2020-USTC-FlammingMyCompiler-master/cmake-build-debug/CMakeFiles/CMakeTmp

Run Build Command(s):/usr/bin/make cmTC_36e2b/fast && /usr/bin/make  -f CMakeFiles/cmTC_36e2b.dir/build.make CMakeFiles/cmTC_36e2b.dir/build
make[1]: Entering directory '/home/linux/Desktop/Sys2021/example/CSC2020-USTC-FlammingMyCompiler-master/cmake-build-debug/CMakeFiles/CMakeTmp'
Building C object CMakeFiles/cmTC_36e2b.dir/CMakeCCompilerABI.c.o
/usr/bin/cc   -v -o CMakeFiles/cmTC_36e2b.dir/CMakeCCompilerABI.c.o   -c /home/linux/Downloads/CLion-2020.3.1/clion-2020.3.1/bin/cmake/linux/share/cmake-3.17/Modules/CMakeCCompilerABI.c
Using built-in specs.
COLLECT_GCC=/usr/bin/cc
OFFLOAD_TARGET_NAMES=nvptx-none
OFFLOAD_TARGET_DEFAULT=1
Target: x86_64-linux-gnu
Configured with: ../src/configure -v --with-pkgversion='Ubuntu 8.4.0-1ubuntu1~18.04' --with-bugurl=file:///usr/share/doc/gcc-8/README.Bugs --enable-languages=c,ada,c++,go,brig,d,fortran,objc,obj-c++ --prefix=/usr --with-gcc-major-version-only --program-suffix=-8 --program-prefix=x86_64-linux-gnu- --enable-shared --enable-linker-build-id --libexecdir=/usr/lib --without-included-gettext --enable-threads=posix --libdir=/usr/lib --enable-nls --enable-clocale=gnu --enable-libstdcxx-debug --enable-libstdcxx-time=yes --with-default-libstdcxx-abi=new --enable-gnu-unique-object --disable-vtable-verify --enable-libmpx --enable-plugin --enable-default-pie --with-system-zlib --with-target-system-zlib=auto --enable-objc-gc=auto --enable-multiarch --disable-werror --with-arch-32=i686 --with-abi=m64 --with-multilib-list=m32,m64,mx32 --enable-multilib --with-tune=generic --enable-offload-targets=nvptx-none --without-cuda-driver --enable-checking=release --build=x86_64-linux-gnu --host=x86_64-linux-gnu --target=x86_64-linux-gnu
Thread model: posix
gcc version 8.4.0 (Ubuntu 8.4.0-1ubuntu1~18.04) 
COLLECT_GCC_OPTIONS='-v' '-o' 'CMakeFiles/cmTC_36e2b.dir/CMakeCCompilerABI.c.o' '-c' '-mtune=generic' '-march=x86-64'
 /usr/lib/gcc/x86_64-linux-gnu/8/cc1 -quiet -v -imultiarch x86_64-linux-gnu /home/linux/Downloads/CLion-2020.3.1/clion-2020.3.1/bin/cmake/linux/share/cmake-3.17/Modules/CMakeCCompilerABI.c -quiet -dumpbase CMakeCCompilerABI.c -mtune=generic -march=x86-64 -auxbase-strip CMakeFiles/cmTC_36e2b.dir/CMakeCCompilerABI.c.o -version -fstack-protector-strong -Wformat -Wformat-security -o /tmp/cc5uTs3s.s
GNU C17 (Ubuntu 8.4.0-1ubuntu1~18.04) version 8.4.0 (x86_64-linux-gnu)
	compiled by GNU C version 8.4.0, GMP version 6.1.2, MPFR version 4.0.1, MPC version 1.1.0, isl version isl-0.19-GMP

GGC heuristics: --param ggc-min-expand=100 --param ggc-min-heapsize=131072
ignoring nonexistent directory "/usr/local/include/x86_64-linux-gnu"
ignoring nonexistent directory "/usr/lib/gcc/x86_64-linux-gnu/8/../../../../x86_64-linux-gnu/include"
#include "..." search starts here:
#include <...> search starts here:
 /usr/lib/gcc/x86_64-linux-gnu/8/include
 /usr/local/include
 /usr/lib/gcc/x86_64-linux-gnu/8/include-fixed
 /usr/include/x86_64-linux-gnu
 /usr/include
End of search list.
GNU C17 (Ubuntu 8.4.0-1ubuntu1~18.04) version 8.4.0 (x86_64-linux-gnu)
	compiled by GNU C version 8.4.0, GMP version 6.1.2, MPFR version 4.0.1, MPC version 1.1.0, isl version isl-0.19-GMP

GGC heuristics: --param ggc-min-expand=100 --param ggc-min-heapsize=131072
Compiler executable checksum: ce3422c0279d38edb238b376a46341f1
COLLECT_GCC_OPTIONS='-v' '-o' 'CMakeFiles/cmTC_36e2b.dir/CMakeCCompilerABI.c.o' '-c' '-mtune=generic' '-march=x86-64'
 as -v --64 -o CMakeFiles/cmTC_36e2b.dir/CMakeCCompilerABI.c.o /tmp/cc5uTs3s.s
GNU assembler version 2.30 (x86_64-linux-gnu) using BFD version (GNU Binutils for Ubuntu) 2.30
COMPILER_PATH=/usr/lib/gcc/x86_64-linux-gnu/8/:/usr/lib/gcc/x86_64-linux-gnu/8/:/usr/lib/gcc/x86_64-linux-gnu/:/usr/lib/gcc/x86_64-linux-gnu/8/:/usr/lib/gcc/x86_64-linux-gnu/
LIBRARY_PATH=/usr/lib/gcc/x86_64-linux-gnu/8/:/usr/lib/gcc/x86_64-linux-gnu/8/../../../x86_64-linux-gnu/:/usr/lib/gcc/x86_64-linux-gnu/8/../../../../lib/:/lib/x86_64-linux-gnu/:/lib/../lib/:/usr/lib/x86_64-linux-gnu/:/usr/lib/../lib/:/usr/lib/gcc/x86_64-linux-gnu/8/../../../:/lib/:/usr/lib/
COLLECT_GCC_OPTIONS='-v' '-o' 'CMakeFiles/cmTC_36e2b.dir/CMakeCCompilerABI.c.o' '-c' '-mtune=generic' '-march=x86-64'
Linking C executable cmTC_36e2b
/home/linux/Downloads/CLion-2020.3.1/clion-2020.3.1/bin/cmake/linux/bin/cmake -E cmake_link_script CMakeFiles/cmTC_36e2b.dir/link.txt --verbose=1
/usr/bin/cc     -v CMakeFiles/cmTC_36e2b.dir/CMakeCCompilerABI.c.o  -o cmTC_36e2b 
Using built-in specs.
COLLECT_GCC=/usr/bin/cc
COLLECT_LTO_WRAPPER=/usr/lib/gcc/x86_64-linux-gnu/8/lto-wrapper
OFFLOAD_TARGET_NAMES=nvptx-none
OFFLOAD_TARGET_DEFAULT=1
Target: x86_64-linux-gnu
Configured with: ../src/configure -v --with-pkgversion='Ubuntu 8.4.0-1ubuntu1~18.04' --with-bugurl=file:///usr/share/doc/gcc-8/README.Bugs --enable-languages=c,ada,c++,go,brig,d,fortran,objc,obj-c++ --prefix=/usr --with-gcc-major-version-only --program-suffix=-8 --program-prefix=x86_64-linux-gnu- --enable-shared --enable-linker-build-id --libexecdir=/usr/lib --without-included-gettext --enable-threads=posix --libdir=/usr/lib --enable-nls --enable-clocale=gnu --enable-libstdcxx-debug --enable-libstdcxx-time=yes --with-default-libstdcxx-abi=new --enable-gnu-unique-object --disable-vtable-verify --enable-libmpx --enable-plugin --enable-default-pie --with-system-zlib --with-target-system-zlib=auto --enable-objc-gc=auto --enable-multiarch --disable-werror --with-arch-32=i686 --with-abi=m64 --with-multilib-list=m32,m64,mx32 --enable-multilib --with-tune=generic --enable-offload-targets=nvptx-none --without-cuda-driver --enable-checking=release --build=x86_64-linux-gnu --host=x86_64-linux-gnu --target=x86_64-linux-gnu
Thread model: posix
gcc version 8.4.0 (Ubuntu 8.4.0-1ubuntu1~18.04) 
COMPILER_PATH=/usr/lib/gcc/x86_64-linux-gnu/8/:/usr/lib/gcc/x86_64-linux-gnu/8/:/usr/lib/gcc/x86_64-linux-gnu/:/usr/lib/gcc/x86_64-linux-gnu/8/:/usr/lib/gcc/x86_64-linux-gnu/
LIBRARY_PATH=/usr/lib/gcc/x86_64-linux-gnu/8/:/usr/lib/gcc/x86_64-linux-gnu/8/../../../x86_64-linux-gnu/:/usr/lib/gcc/x86_64-linux-gnu/8/../../../../lib/:/lib/x86_64-linux-gnu/:/lib/../lib/:/usr/lib/x86_64-linux-gnu/:/usr/lib/../lib/:/usr/lib/gcc/x86_64-linux-gnu/8/../../../:/lib/:/usr/lib/
COLLECT_GCC_OPTIONS='-v' '-o' 'cmTC_36e2b' '-mtune=generic' '-march=x86-64'
 /usr/lib/gcc/x86_64-linux-gnu/8/collect2 -plugin /usr/lib/gcc/x86_64-linux-gnu/8/liblto_plugin.so -plugin-opt=/usr/lib/gcc/x86_64-linux-gnu/8/lto-wrapper -plugin-opt=-fresolution=/tmp/ccPPmUHy.res -plugin-opt=-pass-through=-lgcc -plugin-opt=-pass-through=-lgcc_s -plugin-opt=-pass-through=-lc -plugin-opt=-pass-through=-lgcc -plugin-opt=-pass-through=-lgcc_s --build-id --eh-frame-hdr -m elf_x86_64 --hash-style=gnu --as-needed -dynamic-linker /lib64/ld-linux-x86-64.so.2 -pie -z now -z relro -o cmTC_36e2b /usr/lib/gcc/x86_64-linux-gnu/8/../../../x86_64-linux-gnu/Scrt1.o /usr/lib/gcc/x86_64-linux-gnu/8/../../../x86_64-linux-gnu/crti.o /usr/lib/gcc/x86_64-linux-gnu/8/crtbeginS.o -L/usr/lib/gcc/x86_64-linux-gnu/8 -L/usr/lib/gcc/x86_64-linux-gnu/8/../../../x86_64-linux-gnu -L/usr/lib/gcc/x86_64-linux-gnu/8/../../../../lib -L/lib/x86_64-linux-gnu -L/lib/../lib -L/usr/lib/x86_64-linux-gnu -L/usr/lib/../lib -L/usr/lib/gcc/x86_64-linux-gnu/8/../../.. CMakeFiles/cmTC_36e2b.dir/CMakeCCompilerABI.c.o -lgcc --push-state --as-needed -lgcc_s --pop-state -lc -lgcc --push-state --as-needed -lgcc_s --pop-state /usr/lib/gcc/x86_64-linux-gnu/8/crtendS.o /usr/lib/gcc/x86_64-linux-gnu/8/../../../x86_64-linux-gnu/crtn.o
COLLECT_GCC_OPTIONS='-v' '-o' 'cmTC_36e2b' '-mtune=generic' '-march=x86-64'
make[1]: Leaving directory '/home/linux/Desktop/Sys2021/example/CSC2020-USTC-FlammingMyCompiler-master/cmake-build-debug/CMakeFiles/CMakeTmp'



Parsed C implicit include dir info from above output: rv=done
  found start of include info
  found start of implicit include info
    add: [/usr/lib/gcc/x86_64-linux-gnu/8/include]
    add: [/usr/local/include]
    add: [/usr/lib/gcc/x86_64-linux-gnu/8/include-fixed]
    add: [/usr/include/x86_64-linux-gnu]
    add: [/usr/include]
  end of search list found
  collapse include dir [/usr/lib/gcc/x86_64-linux-gnu/8/include] ==> [/usr/lib/gcc/x86_64-linux-gnu/8/include]
  collapse include dir [/usr/local/include] ==> [/usr/local/include]
  collapse include dir [/usr/lib/gcc/x86_64-linux-gnu/8/include-fixed] ==> [/usr/lib/gcc/x86_64-linux-gnu/8/include-fixed]
  collapse include dir [/usr/include/x86_64-linux-gnu] ==> [/usr/include/x86_64-linux-gnu]
  collapse include dir [/usr/include] ==> [/usr/include]
  implicit include dirs: [/usr/lib/gcc/x86_64-linux-gnu/8/include;/usr/local/include;/usr/lib/gcc/x86_64-linux-gnu/8/include-fixed;/usr/include/x86_64-linux-gnu;/usr/include]


Parsed C implicit link information from above output:
  link line regex: [^( *|.*[/\])(ld|CMAKE_LINK_STARTFILE-NOTFOUND|([^/\]+-)?ld|collect2)[^/\]*( |$)]
  ignore line: [Change Dir: /home/linux/Desktop/Sys2021/example/CSC2020-USTC-FlammingMyCompiler-master/cmake-build-debug/CMakeFiles/CMakeTmp]
  ignore line: []
  ignore line: [Run Build Command(s):/usr/bin/make cmTC_36e2b/fast && /usr/bin/make  -f CMakeFiles/cmTC_36e2b.dir/build.make CMakeFiles/cmTC_36e2b.dir/build]
  ignore line: [make[1]: Entering directory '/home/linux/Desktop/Sys2021/example/CSC2020-USTC-FlammingMyCompiler-master/cmake-build-debug/CMakeFiles/CMakeTmp']
  ignore line: [Building C object CMakeFiles/cmTC_36e2b.dir/CMakeCCompilerABI.c.o]
  ignore line: [/usr/bin/cc   -v -o CMakeFiles/cmTC_36e2b.dir/CMakeCCompilerABI.c.o   -c /home/linux/Downloads/CLion-2020.3.1/clion-2020.3.1/bin/cmake/linux/share/cmake-3.17/Modules/CMakeCCompilerABI.c]
  ignore line: [Using built-in specs.]
  ignore line: [COLLECT_GCC=/usr/bin/cc]
  ignore line: [OFFLOAD_TARGET_NAMES=nvptx-none]
  ignore line: [OFFLOAD_TARGET_DEFAULT=1]
  ignore line: [Target: x86_64-linux-gnu]
  ignore line: [Configured with: ../src/configure -v --with-pkgversion='Ubuntu 8.4.0-1ubuntu1~18.04' --with-bugurl=file:///usr/share/doc/gcc-8/README.Bugs --enable-languages=c ada c++ go brig d fortran objc obj-c++ --prefix=/usr --with-gcc-major-version-only --program-suffix=-8 --program-prefix=x86_64-linux-gnu- --enable-shared --enable-linker-build-id --libexecdir=/usr/lib --without-included-gettext --enable-threads=posix --libdir=/usr/lib --enable-nls --enable-clocale=gnu --enable-libstdcxx-debug --enable-libstdcxx-time=yes --with-default-libstdcxx-abi=new --enable-gnu-unique-object --disable-vtable-verify --enable-libmpx --enable-plugin --enable-default-pie --with-system-zlib --with-target-system-zlib=auto --enable-objc-gc=auto --enable-multiarch --disable-werror --with-arch-32=i686 --with-abi=m64 --with-multilib-list=m32 m64 mx32 --enable-multilib --with-tune=generic --enable-offload-targets=nvptx-none --without-cuda-driver --enable-checking=release --build=x86_64-linux-gnu --host=x86_64-linux-gnu --target=x86_64-linux-gnu]
  ignore line: [Thread model: posix]
  ignore line: [gcc version 8.4.0 (Ubuntu 8.4.0-1ubuntu1~18.04) ]
  ignore line: [COLLECT_GCC_OPTIONS='-v' '-o' 'CMakeFiles/cmTC_36e2b.dir/CMakeCCompilerABI.c.o' '-c' '-mtune=generic' '-march=x86-64']
  ignore line: [ /usr/lib/gcc/x86_64-linux-gnu/8/cc1 -quiet -v -imultiarch x86_64-linux-gnu /home/linux/Downloads/CLion-2020.3.1/clion-2020.3.1/bin/cmake/linux/share/cmake-3.17/Modules/CMakeCCompilerABI.c -quiet -dumpbase CMakeCCompilerABI.c -mtune=generic -march=x86-64 -auxbase-strip CMakeFiles/cmTC_36e2b.dir/CMakeCCompilerABI.c.o -version -fstack-protector-strong -Wformat -Wformat-security -o /tmp/cc5uTs3s.s]
  ignore line: [GNU C17 (Ubuntu 8.4.0-1ubuntu1~18.04) version 8.4.0 (x86_64-linux-gnu)]
  ignore line: [	compiled by GNU C version 8.4.0  GMP version 6.1.2  MPFR version 4.0.1  MPC version 1.1.0  isl version isl-0.19-GMP]
  ignore line: []
  ignore line: [GGC heuristics: --param ggc-min-expand=100 --param ggc-min-heapsize=131072]
  ignore line: [ignoring nonexistent directory "/usr/local/include/x86_64-linux-gnu"]
  ignore line: [ignoring nonexistent directory "/usr/lib/gcc/x86_64-linux-gnu/8/../../../../x86_64-linux-gnu/include"]
  ignore line: [#include "..." search starts here:]
  ignore line: [#include <...> search starts here:]
  ignore line: [ /usr/lib/gcc/x86_64-linux-gnu/8/include]
  ignore line: [ /usr/local/include]
  ignore line: [ /usr/lib/gcc/x86_64-linux-gnu/8/include-fixed]
  ignore line: [ /usr/include/x86_64-linux-gnu]
  ignore line: [ /usr/include]
  ignore line: [End of search list.]
  ignore line: [GNU C17 (Ubuntu 8.4.0-1ubuntu1~18.04) version 8.4.0 (x86_64-linux-gnu)]
  ignore line: [	compiled by GNU C version 8.4.0  GMP version 6.1.2  MPFR version 4.0.1  MPC version 1.1.0  isl version isl-0.19-GMP]
  ignore line: []
  ignore line: [GGC heuristics: --param ggc-min-expand=100 --param ggc-min-heapsize=131072]
  ignore line: [Compiler executable checksum: ce3422c0279d38edb238b376a46341f1]
  ignore line: [COLLECT_GCC_OPTIONS='-v' '-o' 'CMakeFiles/cmTC_36e2b.dir/CMakeCCompilerABI.c.o' '-c' '-mtune=generic' '-march=x86-64']
  ignore line: [ as -v --64 -o CMakeFiles/cmTC_36e2b.dir/CMakeCCompilerABI.c.o /tmp/cc5uTs3s.s]
  ignore line: [GNU assembler version 2.30 (x86_64-linux-gnu) using BFD version (GNU Binutils for Ubuntu) 2.30]
  ignore line: [COMPILER_PATH=/usr/lib/gcc/x86_64-linux-gnu/8/:/usr/lib/gcc/x86_64-linux-gnu/8/:/usr/lib/gcc/x86_64-linux-gnu/:/usr/lib/gcc/x86_64-linux-gnu/8/:/usr/lib/gcc/x86_64-linux-gnu/]
  ignore line: [LIBRARY_PATH=/usr/lib/gcc/x86_64-linux-gnu/8/:/usr/lib/gcc/x86_64-linux-gnu/8/../../../x86_64-linux-gnu/:/usr/lib/gcc/x86_64-linux-gnu/8/../../../../lib/:/lib/x86_64-linux-gnu/:/lib/../lib/:/usr/lib/x86_64-linux-gnu/:/usr/lib/../lib/:/usr/lib/gcc/x86_64-linux-gnu/8/../../../:/lib/:/usr/lib/]
  ignore line: [COLLECT_GCC_OPTIONS='-v' '-o' 'CMakeFiles/cmTC_36e2b.dir/CMakeCCompilerABI.c.o' '-c' '-mtune=generic' '-march=x86-64']
  ignore line: [Linking C executable cmTC_36e2b]
  ignore line: [/home/linux/Downloads/CLion-2020.3.1/clion-2020.3.1/bin/cmake/linux/bin/cmake -E cmake_link_script CMakeFiles/cmTC_36e2b.dir/link.txt --verbose=1]
  ignore line: [/usr/bin/cc     -v CMakeFiles/cmTC_36e2b.dir/CMakeCCompilerABI.c.o  -o cmTC_36e2b ]
  ignore line: [Using built-in specs.]
  ignore line: [COLLECT_GCC=/usr/bin/cc]
  ignore line: [COLLECT_LTO_WRAPPER=/usr/lib/gcc/x86_64-linux-gnu/8/lto-wrapper]
  ignore line: [OFFLOAD_TARGET_NAMES=nvptx-none]
  ignore line: [OFFLOAD_TARGET_DEFAULT=1]
  ignore line: [Target: x86_64-linux-gnu]
  ignore line: [Configured with: ../src/configure -v --with-pkgversion='Ubuntu 8.4.0-1ubuntu1~18.04' --with-bugurl=file:///usr/share/doc/gcc-8/README.Bugs --enable-languages=c ada c++ go brig d fortran objc obj-c++ --prefix=/usr --with-gcc-major-version-only --program-suffix=-8 --program-prefix=x86_64-linux-gnu- --enable-shared --enable-linker-build-id --libexecdir=/usr/lib --without-included-gettext --enable-threads=posix --libdir=/usr/lib --enable-nls --enable-clocale=gnu --enable-libstdcxx-debug --enable-libstdcxx-time=yes --with-default-libstdcxx-abi=new --enable-gnu-unique-object --disable-vtable-verify --enable-libmpx --enable-plugin --enable-default-pie --with-system-zlib --with-target-system-zlib=auto --enable-objc-gc=auto --enable-multiarch --disable-werror --with-arch-32=i686 --with-abi=m64 --with-multilib-list=m32 m64 mx32 --enable-multilib --with-tune=generic --enable-offload-targets=nvptx-none --without-cuda-driver --enable-checking=release --build=x86_64-linux-gnu --host=x86_64-linux-gnu --target=x86_64-linux-gnu]
  ignore line: [Thread model: posix]
  ignore line: [gcc version 8.4.0 (Ubuntu 8.4.0-1ubuntu1~18.04) ]
  ignore line: [COMPILER_PATH=/usr/lib/gcc/x86_64-linux-gnu/8/:/usr/lib/gcc/x86_64-linux-gnu/8/:/usr/lib/gcc/x86_64-linux-gnu/:/usr/lib/gcc/x86_64-linux-gnu/8/:/usr/lib/gcc/x86_64-linux-gnu/]
  ignore line: [LIBRARY_PATH=/usr/lib/gcc/x86_64-linux-gnu/8/:/usr/lib/gcc/x86_64-linux-gnu/8/../../../x86_64-linux-gnu/:/usr/lib/gcc/x86_64-linux-gnu/8/../../../../lib/:/lib/x86_64-linux-gnu/:/lib/../lib/:/usr/lib/x86_64-linux-gnu/:/usr/lib/../lib/:/usr/lib/gcc/x86_64-linux-gnu/8/../../../:/lib/:/usr/lib/]
  ignore line: [COLLECT_GCC_OPTIONS='-v' '-o' 'cmTC_36e2b' '-mtune=generic' '-march=x86-64']
  link line: [ /usr/lib/gcc/x86_64-linux-gnu/8/collect2 -plugin /usr/lib/gcc/x86_64-linux-gnu/8/liblto_plugin.so -plugin-opt=/usr/lib/gcc/x86_64-linux-gnu/8/lto-wrapper -plugin-opt=-fresolution=/tmp/ccPPmUHy.res -plugin-opt=-pass-through=-lgcc -plugin-opt=-pass-through=-lgcc_s -plugin-opt=-pass-through=-lc -plugin-opt=-pass-through=-lgcc -plugin-opt=-pass-through=-lgcc_s --build-id --eh-frame-hdr -m elf_x86_64 --hash-style=gnu --as-needed -dynamic-linker /lib64/ld-linux-x86-64.so.2 -pie -z now -z relro -o cmTC_36e2b /usr/lib/gcc/x86_64-linux-gnu/8/../../../x86_64-linux-gnu/Scrt1.o /usr/lib/gcc/x86_64-linux-gnu/8/../../../x86_64-linux-gnu/crti.o /usr/lib/gcc/x86_64-linux-gnu/8/crtbeginS.o -L/usr/lib/gcc/x86_64-linux-gnu/8 -L/usr/lib/gcc/x86_64-linux-gnu/8/../../../x86_64-linux-gnu -L/usr/lib/gcc/x86_64-linux-gnu/8/../../../../lib -L/lib/x86_64-linux-gnu -L/lib/../lib -L/usr/lib/x86_64-linux-gnu -L/usr/lib/../lib -L/usr/lib/gcc/x86_64-linux-gnu/8/../../.. CMakeFiles/cmTC_36e2b.dir/CMakeCCompilerABI.c.o -lgcc --push-state --as-needed -lgcc_s --pop-state -lc -lgcc --push-state --as-needed -lgcc_s --pop-state /usr/lib/gcc/x86_64-linux-gnu/8/crtendS.o /usr/lib/gcc/x86_64-linux-gnu/8/../../../x86_64-linux-gnu/crtn.o]
    arg [/usr/lib/gcc/x86_64-linux-gnu/8/collect2] ==> ignore
    arg [-plugin] ==> ignore
    arg [/usr/lib/gcc/x86_64-linux-gnu/8/liblto_plugin.so] ==> ignore
    arg [-plugin-opt=/usr/lib/gcc/x86_64-linux-gnu/8/lto-wrapper] ==> ignore
    arg [-plugin-opt=-fresolution=/tmp/ccPPmUHy.res] ==> ignore
    arg [-plugin-opt=-pass-through=-lgcc] ==> ignore
    arg [-plugin-opt=-pass-through=-lgcc_s] ==> ignore
    arg [-plugin-opt=-pass-through=-lc] ==> ignore
    arg [-plugin-opt=-pass-through=-lgcc] ==> ignore
    arg [-plugin-opt=-pass-through=-lgcc_s] ==> ignore
    arg [--build-id] ==> ignore
    arg [--eh-frame-hdr] ==> ignore
    arg [-m] ==> ignore
    arg [elf_x86_64] ==> ignore
    arg [--hash-style=gnu] ==> ignore
    arg [--as-needed] ==> ignore
    arg [-dynamic-linker] ==> ignore
    arg [/lib64/ld-linux-x86-64.so.2] ==> ignore
    arg [-pie] ==> ignore
    arg [-znow] ==> ignore
    arg [-zrelro] ==> ignore
    arg [-o] ==> ignore
    arg [cmTC_36e2b] ==> ignore
    arg [/usr/lib/gcc/x86_64-linux-gnu/8/../../../x86_64-linux-gnu/Scrt1.o] ==> ignore
    arg [/usr/lib/gcc/x86_64-linux-gnu/8/../../../x86_64-linux-gnu/crti.o] ==> ignore
    arg [/usr/lib/gcc/x86_64-linux-gnu/8/crtbeginS.o] ==> ignore
    arg [-L/usr/lib/gcc/x86_64-linux-gnu/8] ==> dir [/usr/lib/gcc/x86_64-linux-gnu/8]
    arg [-L/usr/lib/gcc/x86_64-linux-gnu/8/../../../x86_64-linux-gnu] ==> dir [/usr/lib/gcc/x86_64-linux-gnu/8/../../../x86_64-linux-gnu]
    arg [-L/usr/lib/gcc/x86_64-linux-gnu/8/../../../../lib] ==> dir [/usr/lib/gcc/x86_64-linux-gnu/8/../../../../lib]
    arg [-L/lib/x86_64-linux-gnu] ==> dir [/lib/x86_64-linux-gnu]
    arg [-L/lib/../lib] ==> dir [/lib/../lib]
    arg [-L/usr/lib/x86_64-linux-gnu] ==> dir [/usr/lib/x86_64-linux-gnu]
    arg [-L/usr/lib/../lib] ==> dir [/usr/lib/../lib]
    arg [-L/usr/lib/gcc/x86_64-linux-gnu/8/../../..] ==> dir [/usr/lib/gcc/x86_64-linux-gnu/8/../../..]
    arg [CMakeFiles/cmTC_36e2b.dir/CMakeCCompilerABI.c.o] ==> ignore
    arg [-lgcc] ==> lib [gcc]
    arg [--push-state] ==> ignore
    arg [--as-needed] ==> ignore
    arg [-lgcc_s] ==> lib [gcc_s]
    arg [--pop-state] ==> ignore
    arg [-lc] ==> lib [c]
    arg [-lgcc] ==> lib [gcc]
    arg [--push-state] ==> ignore
    arg [--as-needed] ==> ignore
    arg [-lgcc_s] ==> lib [gcc_s]
    arg [--pop-state] ==> ignore
    arg [/usr/lib/gcc/x86_64-linux-gnu/8/crtendS.o] ==> ignore
    arg [/usr/lib/gcc/x86_64-linux-gnu/8/../../../x86_64-linux-gnu/crtn.o] ==> ignore
  collapse library dir [/usr/lib/gcc/x86_64-linux-gnu/8] ==> [/usr/lib/gcc/x86_64-linux-gnu/8]
  collapse library dir [/usr/lib/gcc/x86_64-linux-gnu/8/../../../x86_64-linux-gnu] ==> [/usr/lib/x86_64-linux-gnu]
  collapse library dir [/usr/lib/gcc/x86_64-linux-gnu/8/../../../../lib] ==> [/usr/lib]
  collapse library dir [/lib/x86_64-linux-gnu] ==> [/lib/x86_64-linux-gnu]
  collapse library dir [/lib/../lib] ==> [/lib]
  collapse library dir [/usr/lib/x86_64-linux-gnu] ==> [/usr/lib/x86_64-linux-gnu]
  collapse library dir [/usr/lib/../lib] ==> [/usr/lib]
  collapse library dir [/usr/lib/gcc/x86_64-linux-gnu/8/../../..] ==> [/usr/lib]
  implicit libs: [gcc;gcc_s;c;gcc;gcc_s]
  implicit dirs: [/usr/lib/gcc/x86_64-linux-gnu/8;/usr/lib/x86_64-linux-gnu;/usr/lib;/lib/x86_64-linux-gnu;/lib]
  implicit fwks: []


Determining if the CXX compiler works passed with the following output:
Change Dir: /home/linux/Desktop/Sys2021/example/CSC2020-USTC-FlammingMyCompiler-master/cmake-build-debug/CMakeFiles/CMakeTmp

Run Build Command(s):/usr/bin/make cmTC_c96a3/fast && /usr/bin/make  -f CMakeFiles/cmTC_c96a3.dir/build.make CMakeFiles/cmTC_c96a3.dir/build
make[1]: Entering directory '/home/linux/Desktop/Sys2021/example/CSC2020-USTC-FlammingMyCompiler-master/cmake-build-debug/CMakeFiles/CMakeTmp'
Building CXX object CMakeFiles/cmTC_c96a3.dir/testCXXCompiler.cxx.o
/usr/bin/clang++     -o CMakeFiles/cmTC_c96a3.dir/testCXXCompiler.cxx.o -c /home/linux/Desktop/Sys2021/example/CSC2020-USTC-FlammingMyCompiler-master/cmake-build-debug/CMakeFiles/CMakeTmp/testCXXCompiler.cxx
Linking CXX executable cmTC_c96a3
/home/linux/Downloads/CLion-2020.3.1/clion-2020.3.1/bin/cmake/linux/bin/cmake -E cmake_link_script CMakeFiles/cmTC_c96a3.dir/link.txt --verbose=1
/usr/bin/clang++       CMakeFiles/cmTC_c96a3.dir/testCXXCompiler.cxx.o  -o cmTC_c96a3 
make[1]: Leaving directory '/home/linux/Desktop/Sys2021/example/CSC2020-USTC-FlammingMyCompiler-master/cmake-build-debug/CMakeFiles/CMakeTmp'



Detecting CXX compiler ABI info compiled with the following output:
Change Dir: /home/linux/Desktop/Sys2021/example/CSC2020-USTC-FlammingMyCompiler-master/cmake-build-debug/CMakeFiles/CMakeTmp

Run Build Command(s):/usr/bin/make cmTC_ec322/fast && /usr/bin/make  -f CMakeFiles/cmTC_ec322.dir/build.make CMakeFiles/cmTC_ec322.dir/build
make[1]: Entering directory '/home/linux/Desktop/Sys2021/example/CSC2020-USTC-FlammingMyCompiler-master/cmake-build-debug/CMakeFiles/CMakeTmp'
Building CXX object CMakeFiles/cmTC_ec322.dir/CMakeCXXCompilerABI.cpp.o
/usr/bin/clang++    -v -o CMakeFiles/cmTC_ec322.dir/CMakeCXXCompilerABI.cpp.o -c /home/linux/Downloads/CLion-2020.3.1/clion-2020.3.1/bin/cmake/linux/share/cmake-3.17/Modules/CMakeCXXCompilerABI.cpp
clang version 6.0.0-1ubuntu2 (tags/RELEASE_600/final)
Target: x86_64-pc-linux-gnu
Thread model: posix
InstalledDir: /usr/bin
Found candidate GCC installation: /usr/bin/../lib/gcc/i686-linux-gnu/8
Found candidate GCC installation: /usr/bin/../lib/gcc/x86_64-linux-gnu/4.8
Found candidate GCC installation: /usr/bin/../lib/gcc/x86_64-linux-gnu/4.8.5
Found candidate GCC installation: /usr/bin/../lib/gcc/x86_64-linux-gnu/6
Found candidate GCC installation: /usr/bin/../lib/gcc/x86_64-linux-gnu/6.5.0
Found candidate GCC installation: /usr/bin/../lib/gcc/x86_64-linux-gnu/7
Found candidate GCC installation: /usr/bin/../lib/gcc/x86_64-linux-gnu/7.5.0
Found candidate GCC installation: /usr/bin/../lib/gcc/x86_64-linux-gnu/8
Found candidate GCC installation: /usr/lib/gcc/i686-linux-gnu/8
Found candidate GCC installation: /usr/lib/gcc/x86_64-linux-gnu/4.8
Found candidate GCC installation: /usr/lib/gcc/x86_64-linux-gnu/4.8.5
Found candidate GCC installation: /usr/lib/gcc/x86_64-linux-gnu/6
Found candidate GCC installation: /usr/lib/gcc/x86_64-linux-gnu/6.5.0
Found candidate GCC installation: /usr/lib/gcc/x86_64-linux-gnu/7
Found candidate GCC installation: /usr/lib/gcc/x86_64-linux-gnu/7.5.0
Found candidate GCC installation: /usr/lib/gcc/x86_64-linux-gnu/8
Selected GCC installation: /usr/bin/../lib/gcc/x86_64-linux-gnu/8
Candidate multilib: .;@m64
Candidate multilib: 32;@m32
Candidate multilib: x32;@mx32
Selected multilib: .;@m64
 "/usr/lib/llvm-6.0/bin/clang" -cc1 -triple x86_64-pc-linux-gnu -emit-obj -mrelax-all -disable-free -disable-llvm-verifier -discard-value-names -main-file-name CMakeCXXCompilerABI.cpp -mrelocation-model static -mthread-model posix -mdisable-fp-elim -fmath-errno -masm-verbose -mconstructor-aliases -munwind-tables -fuse-init-array -target-cpu x86-64 -dwarf-column-info -debugger-tuning=gdb -v -coverage-notes-file /home/linux/Desktop/Sys2021/example/CSC2020-USTC-FlammingMyCompiler-master/cmake-build-debug/CMakeFiles/CMakeTmp/CMakeFiles/cmTC_ec322.dir/CMakeCXXCompilerABI.cpp.gcno -resource-dir /usr/lib/llvm-6.0/lib/clang/6.0.0 -internal-isystem /usr/bin/../lib/gcc/x86_64-linux-gnu/8/../../../../include/c++/8 -internal-isystem /usr/bin/../lib/gcc/x86_64-linux-gnu/8/../../../../include/x86_64-linux-gnu/c++/8 -internal-isystem /usr/bin/../lib/gcc/x86_64-linux-gnu/8/../../../../include/x86_64-linux-gnu/c++/8 -internal-isystem /usr/bin/../lib/gcc/x86_64-linux-gnu/8/../../../../include/c++/8/backward -internal-isystem /usr/include/clang/6.0.0/include/ -internal-isystem /usr/local/include -internal-isystem /usr/lib/llvm-6.0/lib/clang/6.0.0/include -internal-externc-isystem /usr/include/x86_64-linux-gnu -internal-externc-isystem /include -internal-externc-isystem /usr/include -fdeprecated-macro -fdebug-compilation-dir /home/linux/Desktop/Sys2021/example/CSC2020-USTC-FlammingMyCompiler-master/cmake-build-debug/CMakeFiles/CMakeTmp -ferror-limit 19 -fmessage-length 0 -fobjc-runtime=gcc -fcxx-exceptions -fexceptions -fdiagnostics-show-option -o CMakeFiles/cmTC_ec322.dir/CMakeCXXCompilerABI.cpp.o -x c++ /home/linux/Downloads/CLion-2020.3.1/clion-2020.3.1/bin/cmake/linux/share/cmake-3.17/Modules/CMakeCXXCompilerABI.cpp
clang -cc1 version 6.0.0 based upon LLVM 6.0.0 default target x86_64-pc-linux-gnu
ignoring nonexistent directory "/include"
ignoring duplicate directory "/usr/bin/../lib/gcc/x86_64-linux-gnu/8/../../../../include/x86_64-linux-gnu/c++/8"
ignoring duplicate directory "/usr/include/clang/6.0.0/include"
#include "..." search starts here:
#include <...> search starts here:
 /usr/bin/../lib/gcc/x86_64-linux-gnu/8/../../../../include/c++/8
 /usr/bin/../lib/gcc/x86_64-linux-gnu/8/../../../../include/x86_64-linux-gnu/c++/8
 /usr/bin/../lib/gcc/x86_64-linux-gnu/8/../../../../include/c++/8/backward
 /usr/include/clang/6.0.0/include
 /usr/local/include
 /usr/include/x86_64-linux-gnu
 /usr/include
End of search list.
Linking CXX executable cmTC_ec322
/home/linux/Downloads/CLion-2020.3.1/clion-2020.3.1/bin/cmake/linux/bin/cmake -E cmake_link_script CMakeFiles/cmTC_ec322.dir/link.txt --verbose=1
/usr/bin/clang++      -v CMakeFiles/cmTC_ec322.dir/CMakeCXXCompilerABI.cpp.o  -o cmTC_ec322 
clang version 6.0.0-1ubuntu2 (tags/RELEASE_600/final)
Target: x86_64-pc-linux-gnu
Thread model: posix
InstalledDir: /usr/bin
Found candidate GCC installation: /usr/bin/../lib/gcc/i686-linux-gnu/8
Found candidate GCC installation: /usr/bin/../lib/gcc/x86_64-linux-gnu/4.8
Found candidate GCC installation: /usr/bin/../lib/gcc/x86_64-linux-gnu/4.8.5
Found candidate GCC installation: /usr/bin/../lib/gcc/x86_64-linux-gnu/6
Found candidate GCC installation: /usr/bin/../lib/gcc/x86_64-linux-gnu/6.5.0
Found candidate GCC installation: /usr/bin/../lib/gcc/x86_64-linux-gnu/7
Found candidate GCC installation: /usr/bin/../lib/gcc/x86_64-linux-gnu/7.5.0
Found candidate GCC installation: /usr/bin/../lib/gcc/x86_64-linux-gnu/8
Found candidate GCC installation: /usr/lib/gcc/i686-linux-gnu/8
Found candidate GCC installation: /usr/lib/gcc/x86_64-linux-gnu/4.8
Found candidate GCC installation: /usr/lib/gcc/x86_64-linux-gnu/4.8.5
Found candidate GCC installation: /usr/lib/gcc/x86_64-linux-gnu/6
Found candidate GCC installation: /usr/lib/gcc/x86_64-linux-gnu/6.5.0
Found candidate GCC installation: /usr/lib/gcc/x86_64-linux-gnu/7
Found candidate GCC installation: /usr/lib/gcc/x86_64-linux-gnu/7.5.0
Found candidate GCC installation: /usr/lib/gcc/x86_64-linux-gnu/8
Selected GCC installation: /usr/bin/../lib/gcc/x86_64-linux-gnu/8
Candidate multilib: .;@m64
Candidate multilib: 32;@m32
Candidate multilib: x32;@mx32
Selected multilib: .;@m64
 "/usr/bin/ld" -z relro --hash-style=gnu --eh-frame-hdr -m elf_x86_64 -dynamic-linker /lib64/ld-linux-x86-64.so.2 -o cmTC_ec322 /usr/bin/../lib/gcc/x86_64-linux-gnu/8/../../../x86_64-linux-gnu/crt1.o /usr/bin/../lib/gcc/x86_64-linux-gnu/8/../../../x86_64-linux-gnu/crti.o /usr/bin/../lib/gcc/x86_64-linux-gnu/8/crtbegin.o -L/usr/bin/../lib/gcc/x86_64-linux-gnu/8 -L/usr/bin/../lib/gcc/x86_64-linux-gnu/8/../../../x86_64-linux-gnu -L/lib/x86_64-linux-gnu -L/lib/../lib64 -L/usr/lib/x86_64-linux-gnu -L/usr/bin/../lib/gcc/x86_64-linux-gnu/8/../../.. -L/usr/lib/llvm-6.0/bin/../lib -L/lib -L/usr/lib CMakeFiles/cmTC_ec322.dir/CMakeCXXCompilerABI.cpp.o -lstdc++ -lm -lgcc_s -lgcc -lc -lgcc_s -lgcc /usr/bin/../lib/gcc/x86_64-linux-gnu/8/crtend.o /usr/bin/../lib/gcc/x86_64-linux-gnu/8/../../../x86_64-linux-gnu/crtn.o
make[1]: Leaving directory '/home/linux/Desktop/Sys2021/example/CSC2020-USTC-FlammingMyCompiler-master/cmake-build-debug/CMakeFiles/CMakeTmp'



Parsed CXX implicit include dir info from above output: rv=done
  found start of include info
  found start of implicit include info
    add: [/usr/bin/../lib/gcc/x86_64-linux-gnu/8/../../../../include/c++/8]
    add: [/usr/bin/../lib/gcc/x86_64-linux-gnu/8/../../../../include/x86_64-linux-gnu/c++/8]
    add: [/usr/bin/../lib/gcc/x86_64-linux-gnu/8/../../../../include/c++/8/backward]
    add: [/usr/include/clang/6.0.0/include]
    add: [/usr/local/include]
    add: [/usr/include/x86_64-linux-gnu]
    add: [/usr/include]
  end of search list found
  collapse include dir [/usr/bin/../lib/gcc/x86_64-linux-gnu/8/../../../../include/c++/8] ==> [/usr/include/c++/8]
  collapse include dir [/usr/bin/../lib/gcc/x86_64-linux-gnu/8/../../../../include/x86_64-linux-gnu/c++/8] ==> [/usr/include/x86_64-linux-gnu/c++/8]
  collapse include dir [/usr/bin/../lib/gcc/x86_64-linux-gnu/8/../../../../include/c++/8/backward] ==> [/usr/include/c++/8/backward]
  collapse include dir [/usr/include/clang/6.0.0/include] ==> [/usr/include/clang/6.0.0/include]
  collapse include dir [/usr/local/include] ==> [/usr/local/include]
  collapse include dir [/usr/include/x86_64-linux-gnu] ==> [/usr/include/x86_64-linux-gnu]
  collapse include dir [/usr/include] ==> [/usr/include]
  implicit include dirs: [/usr/include/c++/8;/usr/include/x86_64-linux-gnu/c++/8;/usr/include/c++/8/backward;/usr/include/clang/6.0.0/include;/usr/local/include;/usr/include/x86_64-linux-gnu;/usr/include]


Parsed CXX implicit link information from above output:
  link line regex: [^( *|.*[/\])(ld|CMAKE_LINK_STARTFILE-NOTFOUND|([^/\]+-)?ld|collect2)[^/\]*( |$)]
  ignore line: [Change Dir: /home/linux/Desktop/Sys2021/example/CSC2020-USTC-FlammingMyCompiler-master/cmake-build-debug/CMakeFiles/CMakeTmp]
  ignore line: []
  ignore line: [Run Build Command(s):/usr/bin/make cmTC_ec322/fast && /usr/bin/make  -f CMakeFiles/cmTC_ec322.dir/build.make CMakeFiles/cmTC_ec322.dir/build]
  ignore line: [make[1]: Entering directory '/home/linux/Desktop/Sys2021/example/CSC2020-USTC-FlammingMyCompiler-master/cmake-build-debug/CMakeFiles/CMakeTmp']
  ignore line: [Building CXX object CMakeFiles/cmTC_ec322.dir/CMakeCXXCompilerABI.cpp.o]
  ignore line: [/usr/bin/clang++    -v -o CMakeFiles/cmTC_ec322.dir/CMakeCXXCompilerABI.cpp.o -c /home/linux/Downloads/CLion-2020.3.1/clion-2020.3.1/bin/cmake/linux/share/cmake-3.17/Modules/CMakeCXXCompilerABI.cpp]
  ignore line: [clang version 6.0.0-1ubuntu2 (tags/RELEASE_600/final)]
  ignore line: [Target: x86_64-pc-linux-gnu]
  ignore line: [Thread model: posix]
  ignore line: [InstalledDir: /usr/bin]
  ignore line: [Found candidate GCC installation: /usr/bin/../lib/gcc/i686-linux-gnu/8]
  ignore line: [Found candidate GCC installation: /usr/bin/../lib/gcc/x86_64-linux-gnu/4.8]
  ignore line: [Found candidate GCC installation: /usr/bin/../lib/gcc/x86_64-linux-gnu/4.8.5]
  ignore line: [Found candidate GCC installation: /usr/bin/../lib/gcc/x86_64-linux-gnu/6]
  ignore line: [Found candidate GCC installation: /usr/bin/../lib/gcc/x86_64-linux-gnu/6.5.0]
  ignore line: [Found candidate GCC installation: /usr/bin/../lib/gcc/x86_64-linux-gnu/7]
  ignore line: [Found candidate GCC installation: /usr/bin/../lib/gcc/x86_64-linux-gnu/7.5.0]
  ignore line: [Found candidate GCC installation: /usr/bin/../lib/gcc/x86_64-linux-gnu/8]
  ignore line: [Found candidate GCC installation: /usr/lib/gcc/i686-linux-gnu/8]
  ignore line: [Found candidate GCC installation: /usr/lib/gcc/x86_64-linux-gnu/4.8]
  ignore line: [Found candidate GCC installation: /usr/lib/gcc/x86_64-linux-gnu/4.8.5]
  ignore line: [Found candidate GCC installation: /usr/lib/gcc/x86_64-linux-gnu/6]
  ignore line: [Found candidate GCC installation: /usr/lib/gcc/x86_64-linux-gnu/6.5.0]
  ignore line: [Found candidate GCC installation: /usr/lib/gcc/x86_64-linux-gnu/7]
  ignore line: [Found candidate GCC installation: /usr/lib/gcc/x86_64-linux-gnu/7.5.0]
  ignore line: [Found candidate GCC installation: /usr/lib/gcc/x86_64-linux-gnu/8]
  ignore line: [Selected GCC installation: /usr/bin/../lib/gcc/x86_64-linux-gnu/8]
  ignore line: [Candidate multilib: .]
  ignore line: [@m64]
  ignore line: [Candidate multilib: 32]
  ignore line: [@m32]
  ignore line: [Candidate multilib: x32]
  ignore line: [@mx32]
  ignore line: [Selected multilib: .]
  ignore line: [@m64]
  ignore line: [ "/usr/lib/llvm-6.0/bin/clang" -cc1 -triple x86_64-pc-linux-gnu -emit-obj -mrelax-all -disable-free -disable-llvm-verifier -discard-value-names -main-file-name CMakeCXXCompilerABI.cpp -mrelocation-model static -mthread-model posix -mdisable-fp-elim -fmath-errno -masm-verbose -mconstructor-aliases -munwind-tables -fuse-init-array -target-cpu x86-64 -dwarf-column-info -debugger-tuning=gdb -v -coverage-notes-file /home/linux/Desktop/Sys2021/example/CSC2020-USTC-FlammingMyCompiler-master/cmake-build-debug/CMakeFiles/CMakeTmp/CMakeFiles/cmTC_ec322.dir/CMakeCXXCompilerABI.cpp.gcno -resource-dir /usr/lib/llvm-6.0/lib/clang/6.0.0 -internal-isystem /usr/bin/../lib/gcc/x86_64-linux-gnu/8/../../../../include/c++/8 -internal-isystem /usr/bin/../lib/gcc/x86_64-linux-gnu/8/../../../../include/x86_64-linux-gnu/c++/8 -internal-isystem /usr/bin/../lib/gcc/x86_64-linux-gnu/8/../../../../include/x86_64-linux-gnu/c++/8 -internal-isystem /usr/bin/../lib/gcc/x86_64-linux-gnu/8/../../../../include/c++/8/backward -internal-isystem /usr/include/clang/6.0.0/include/ -internal-isystem /usr/local/include -internal-isystem /usr/lib/llvm-6.0/lib/clang/6.0.0/include -internal-externc-isystem /usr/include/x86_64-linux-gnu -internal-externc-isystem /include -internal-externc-isystem /usr/include -fdeprecated-macro -fdebug-compilation-dir /home/linux/Desktop/Sys2021/example/CSC2020-USTC-FlammingMyCompiler-master/cmake-build-debug/CMakeFiles/CMakeTmp -ferror-limit 19 -fmessage-length 0 -fobjc-runtime=gcc -fcxx-exceptions -fexceptions -fdiagnostics-show-option -o CMakeFiles/cmTC_ec322.dir/CMakeCXXCompilerABI.cpp.o -x c++ /home/linux/Downloads/CLion-2020.3.1/clion-2020.3.1/bin/cmake/linux/share/cmake-3.17/Modules/CMakeCXXCompilerABI.cpp]
  ignore line: [clang -cc1 version 6.0.0 based upon LLVM 6.0.0 default target x86_64-pc-linux-gnu]
  ignore line: [ignoring nonexistent directory "/include"]
  ignore line: [ignoring duplicate directory "/usr/bin/../lib/gcc/x86_64-linux-gnu/8/../../../../include/x86_64-linux-gnu/c++/8"]
  ignore line: [ignoring duplicate directory "/usr/include/clang/6.0.0/include"]
  ignore line: [#include "..." search starts here:]
  ignore line: [#include <...> search starts here:]
  ignore line: [ /usr/bin/../lib/gcc/x86_64-linux-gnu/8/../../../../include/c++/8]
  ignore line: [ /usr/bin/../lib/gcc/x86_64-linux-gnu/8/../../../../include/x86_64-linux-gnu/c++/8]
  ignore line: [ /usr/bin/../lib/gcc/x86_64-linux-gnu/8/../../../../include/c++/8/backward]
  ignore line: [ /usr/include/clang/6.0.0/include]
  ignore line: [ /usr/local/include]
  ignore line: [ /usr/include/x86_64-linux-gnu]
  ignore line: [ /usr/include]
  ignore line: [End of search list.]
  ignore line: [Linking CXX executable cmTC_ec322]
  ignore line: [/home/linux/Downloads/CLion-2020.3.1/clion-2020.3.1/bin/cmake/linux/bin/cmake -E cmake_link_script CMakeFiles/cmTC_ec322.dir/link.txt --verbose=1]
  ignore line: [/usr/bin/clang++      -v CMakeFiles/cmTC_ec322.dir/CMakeCXXCompilerABI.cpp.o  -o cmTC_ec322 ]
  ignore line: [clang version 6.0.0-1ubuntu2 (tags/RELEASE_600/final)]
  ignore line: [Target: x86_64-pc-linux-gnu]
  ignore line: [Thread model: posix]
  ignore line: [InstalledDir: /usr/bin]
  ignore line: [Found candidate GCC installation: /usr/bin/../lib/gcc/i686-linux-gnu/8]
  ignore line: [Found candidate GCC installation: /usr/bin/../lib/gcc/x86_64-linux-gnu/4.8]
  ignore line: [Found candidate GCC installation: /usr/bin/../lib/gcc/x86_64-linux-gnu/4.8.5]
  ignore line: [Found candidate GCC installation: /usr/bin/../lib/gcc/x86_64-linux-gnu/6]
  ignore line: [Found candidate GCC installation: /usr/bin/../lib/gcc/x86_64-linux-gnu/6.5.0]
  ignore line: [Found candidate GCC installation: /usr/bin/../lib/gcc/x86_64-linux-gnu/7]
  ignore line: [Found candidate GCC installation: /usr/bin/../lib/gcc/x86_64-linux-gnu/7.5.0]
  ignore line: [Found candidate GCC installation: /usr/bin/../lib/gcc/x86_64-linux-gnu/8]
  ignore line: [Found candidate GCC installation: /usr/lib/gcc/i686-linux-gnu/8]
  ignore line: [Found candidate GCC installation: /usr/lib/gcc/x86_64-linux-gnu/4.8]
  ignore line: [Found candidate GCC installation: /usr/lib/gcc/x86_64-linux-gnu/4.8.5]
  ignore line: [Found candidate GCC installation: /usr/lib/gcc/x86_64-linux-gnu/6]
  ignore line: [Found candidate GCC installation: /usr/lib/gcc/x86_64-linux-gnu/6.5.0]
  ignore line: [Found candidate GCC installation: /usr/lib/gcc/x86_64-linux-gnu/7]
  ignore line: [Found candidate GCC installation: /usr/lib/gcc/x86_64-linux-gnu/7.5.0]
  ignore line: [Found candidate GCC installation: /usr/lib/gcc/x86_64-linux-gnu/8]
  ignore line: [Selected GCC installation: /usr/bin/../lib/gcc/x86_64-linux-gnu/8]
  ignore line: [Candidate multilib: .]
  ignore line: [@m64]
  ignore line: [Candidate multilib: 32]
  ignore line: [@m32]
  ignore line: [Candidate multilib: x32]
  ignore line: [@mx32]
  ignore line: [Selected multilib: .]
  ignore line: [@m64]
  link line: [ "/usr/bin/ld" -z relro --hash-style=gnu --eh-frame-hdr -m elf_x86_64 -dynamic-linker /lib64/ld-linux-x86-64.so.2 -o cmTC_ec322 /usr/bin/../lib/gcc/x86_64-linux-gnu/8/../../../x86_64-linux-gnu/crt1.o /usr/bin/../lib/gcc/x86_64-linux-gnu/8/../../../x86_64-linux-gnu/crti.o /usr/bin/../lib/gcc/x86_64-linux-gnu/8/crtbegin.o -L/usr/bin/../lib/gcc/x86_64-linux-gnu/8 -L/usr/bin/../lib/gcc/x86_64-linux-gnu/8/../../../x86_64-linux-gnu -L/lib/x86_64-linux-gnu -L/lib/../lib64 -L/usr/lib/x86_64-linux-gnu -L/usr/bin/../lib/gcc/x86_64-linux-gnu/8/../../.. -L/usr/lib/llvm-6.0/bin/../lib -L/lib -L/usr/lib CMakeFiles/cmTC_ec322.dir/CMakeCXXCompilerABI.cpp.o -lstdc++ -lm -lgcc_s -lgcc -lc -lgcc_s -lgcc /usr/bin/../lib/gcc/x86_64-linux-gnu/8/crtend.o /usr/bin/../lib/gcc/x86_64-linux-gnu/8/../../../x86_64-linux-gnu/crtn.o]
    arg [/usr/bin/ld] ==> ignore
    arg [-zrelro] ==> ignore
    arg [--hash-style=gnu] ==> ignore
    arg [--eh-frame-hdr] ==> ignore
    arg [-m] ==> ignore
    arg [elf_x86_64] ==> ignore
    arg [-dynamic-linker] ==> ignore
    arg [/lib64/ld-linux-x86-64.so.2] ==> ignore
    arg [-o] ==> ignore
    arg [cmTC_ec322] ==> ignore
    arg [/usr/bin/../lib/gcc/x86_64-linux-gnu/8/../../../x86_64-linux-gnu/crt1.o] ==> ignore
    arg [/usr/bin/../lib/gcc/x86_64-linux-gnu/8/../../../x86_64-linux-gnu/crti.o] ==> ignore
    arg [/usr/bin/../lib/gcc/x86_64-linux-gnu/8/crtbegin.o] ==> ignore
    arg [-L/usr/bin/../lib/gcc/x86_64-linux-gnu/8] ==> dir [/usr/bin/../lib/gcc/x86_64-linux-gnu/8]
    arg [-L/usr/bin/../lib/gcc/x86_64-linux-gnu/8/../../../x86_64-linux-gnu] ==> dir [/usr/bin/../lib/gcc/x86_64-linux-gnu/8/../../../x86_64-linux-gnu]
    arg [-L/lib/x86_64-linux-gnu] ==> dir [/lib/x86_64-linux-gnu]
    arg [-L/lib/../lib64] ==> dir [/lib/../lib64]
    arg [-L/usr/lib/x86_64-linux-gnu] ==> dir [/usr/lib/x86_64-linux-gnu]
    arg [-L/usr/bin/../lib/gcc/x86_64-linux-gnu/8/../../..] ==> dir [/usr/bin/../lib/gcc/x86_64-linux-gnu/8/../../..]
    arg [-L/usr/lib/llvm-6.0/bin/../lib] ==> dir [/usr/lib/llvm-6.0/bin/../lib]
    arg [-L/lib] ==> dir [/lib]
    arg [-L/usr/lib] ==> dir [/usr/lib]
    arg [CMakeFiles/cmTC_ec322.dir/CMakeCXXCompilerABI.cpp.o] ==> ignore
    arg [-lstdc++] ==> lib [stdc++]
    arg [-lm] ==> lib [m]
    arg [-lgcc_s] ==> lib [gcc_s]
    arg [-lgcc] ==> lib [gcc]
    arg [-lc] ==> lib [c]
    arg [-lgcc_s] ==> lib [gcc_s]
    arg [-lgcc] ==> lib [gcc]
    arg [/usr/bin/../lib/gcc/x86_64-linux-gnu/8/crtend.o] ==> ignore
    arg [/usr/bin/../lib/gcc/x86_64-linux-gnu/8/../../../x86_64-linux-gnu/crtn.o] ==> ignore
  collapse library dir [/usr/bin/../lib/gcc/x86_64-linux-gnu/8] ==> [/usr/lib/gcc/x86_64-linux-gnu/8]
  collapse library dir [/usr/bin/../lib/gcc/x86_64-linux-gnu/8/../../../x86_64-linux-gnu] ==> [/usr/lib/x86_64-linux-gnu]
  collapse library dir [/lib/x86_64-linux-gnu] ==> [/lib/x86_64-linux-gnu]
  collapse library dir [/lib/../lib64] ==> [/lib64]
  collapse library dir [/usr/lib/x86_64-linux-gnu] ==> [/usr/lib/x86_64-linux-gnu]
  collapse library dir [/usr/bin/../lib/gcc/x86_64-linux-gnu/8/../../..] ==> [/usr/lib]
  collapse library dir [/usr/lib/llvm-6.0/bin/../lib] ==> [/usr/lib/llvm-6.0/lib]
  collapse library dir [/lib] ==> [/lib]
  collapse library dir [/usr/lib] ==> [/usr/lib]
  implicit libs: [stdc++;m;gcc_s;gcc;c;gcc_s;gcc]
  implicit dirs: [/usr/lib/gcc/x86_64-linux-gnu/8;/usr/lib/x86_64-linux-gnu;/lib/x86_64-linux-gnu;/lib64;/usr/lib;/usr/lib/llvm-6.0/lib;/lib]
  implicit fwks: []


